{"/Users/mac/Desktop/testing-and-debugging-ensuring-mern-app-reliability-TJ-dot-1/server/server.js": {"path":"/Users/mac/Desktop/testing-and-debugging-ensuring-mern-app-reliability-TJ-dot-1/server/server.js","statementMap":{"0":{"start":{"line":1,"column":16},"end":{"line":1,"column":34}},"1":{"start":{"line":2,"column":17},"end":{"line":2,"column":36}},"2":{"start":{"line":3,"column":13},"end":{"line":3,"column":28}},"3":{"start":{"line":4,"column":0},"end":{"line":4,"column":27}},"4":{"start":{"line":6,"column":12},"end":{"line":6,"column":21}},"5":{"start":{"line":9,"column":34},"end":{"line":9,"column":64}},"6":{"start":{"line":10,"column":56},"end":{"line":10,"column":92}},"7":{"start":{"line":13,"column":0},"end":{"line":13,"column":23}},"8":{"start":{"line":14,"column":0},"end":{"line":14,"column":16}},"9":{"start":{"line":15,"column":0},"end":{"line":15,"column":24}},"10":{"start":{"line":18,"column":0},"end":{"line":20,"column":3}},"11":{"start":{"line":19,"column":2},"end":{"line":19,"column":51}},"12":{"start":{"line":22,"column":0},"end":{"line":28,"column":3}},"13":{"start":{"line":23,"column":2},"end":{"line":27,"column":5}},"14":{"start":{"line":31,"column":13},"end":{"line":31,"column":37}},"15":{"start":{"line":33,"column":0},"end":{"line":36,"column":4}},"16":{"start":{"line":34,"column":16},"end":{"line":34,"column":53}},"17":{"start":{"line":35,"column":2},"end":{"line":35,"column":18}},"18":{"start":{"line":38,"column":0},"end":{"line":58,"column":4}},"19":{"start":{"line":39,"column":36},"end":{"line":39,"column":44}},"20":{"start":{"line":42,"column":23},"end":{"line":42,"column":52}},"21":{"start":{"line":43,"column":2},"end":{"line":47,"column":3}},"22":{"start":{"line":44,"column":18},"end":{"line":44,"column":51}},"23":{"start":{"line":45,"column":4},"end":{"line":45,"column":23}},"24":{"start":{"line":46,"column":4},"end":{"line":46,"column":16}},"25":{"start":{"line":50,"column":15},"end":{"line":50,"column":50}},"26":{"start":{"line":51,"column":2},"end":{"line":51,"column":20}},"27":{"start":{"line":54,"column":23},"end":{"line":54,"column":38}},"28":{"start":{"line":55,"column":2},"end":{"line":55,"column":31}},"29":{"start":{"line":57,"column":2},"end":{"line":57,"column":37}},"30":{"start":{"line":61,"column":12},"end":{"line":61,"column":35}},"31":{"start":{"line":63,"column":0},"end":{"line":66,"column":4}},"32":{"start":{"line":64,"column":15},"end":{"line":64,"column":31}},"33":{"start":{"line":65,"column":2},"end":{"line":65,"column":17}},"34":{"start":{"line":68,"column":0},"end":{"line":73,"column":4}},"35":{"start":{"line":69,"column":41},"end":{"line":69,"column":49}},"36":{"start":{"line":70,"column":14},"end":{"line":70,"column":53}},"37":{"start":{"line":71,"column":2},"end":{"line":71,"column":19}},"38":{"start":{"line":72,"column":2},"end":{"line":72,"column":28}},"39":{"start":{"line":75,"column":0},"end":{"line":88,"column":4}},"40":{"start":{"line":76,"column":41},"end":{"line":76,"column":49}},"41":{"start":{"line":77,"column":14},"end":{"line":81,"column":3}},"42":{"start":{"line":82,"column":2},"end":{"line":86,"column":3}},"43":{"start":{"line":83,"column":18},"end":{"line":83,"column":44}},"44":{"start":{"line":84,"column":4},"end":{"line":84,"column":23}},"45":{"start":{"line":85,"column":4},"end":{"line":85,"column":16}},"46":{"start":{"line":87,"column":2},"end":{"line":87,"column":16}},"47":{"start":{"line":90,"column":0},"end":{"line":98,"column":4}},"48":{"start":{"line":91,"column":14},"end":{"line":91,"column":56}},"49":{"start":{"line":92,"column":2},"end":{"line":96,"column":3}},"50":{"start":{"line":93,"column":18},"end":{"line":93,"column":44}},"51":{"start":{"line":94,"column":4},"end":{"line":94,"column":23}},"52":{"start":{"line":95,"column":4},"end":{"line":95,"column":16}},"53":{"start":{"line":97,"column":2},"end":{"line":97,"column":52}},"54":{"start":{"line":101,"column":18},"end":{"line":112,"column":1}},"55":{"start":{"line":102,"column":2},"end":{"line":111,"column":3}},"56":{"start":{"line":103,"column":4},"end":{"line":108,"column":5}},"57":{"start":{"line":104,"column":6},"end":{"line":104,"column":54}},"58":{"start":{"line":105,"column":6},"end":{"line":105,"column":39}},"59":{"start":{"line":107,"column":6},"end":{"line":107,"column":68}},"60":{"start":{"line":110,"column":4},"end":{"line":110,"column":69}},"61":{"start":{"line":114,"column":0},"end":{"line":114,"column":12}},"62":{"start":{"line":117,"column":0},"end":{"line":117,"column":25}},"63":{"start":{"line":118,"column":0},"end":{"line":118,"column":22}},"64":{"start":{"line":121,"column":13},"end":{"line":121,"column":37}},"65":{"start":{"line":122,"column":0},"end":{"line":129,"column":1}},"66":{"start":{"line":123,"column":2},"end":{"line":128,"column":5}},"67":{"start":{"line":124,"column":4},"end":{"line":124,"column":53}},"68":{"start":{"line":125,"column":4},"end":{"line":125,"column":72}},"69":{"start":{"line":126,"column":4},"end":{"line":126,"column":68}},"70":{"start":{"line":127,"column":4},"end":{"line":127,"column":66}},"71":{"start":{"line":131,"column":0},"end":{"line":131,"column":21}}},"fnMap":{"0":{"name":"(anonymous_0)","decl":{"start":{"line":18,"column":13},"end":{"line":18,"column":14}},"loc":{"start":{"line":18,"column":27},"end":{"line":20,"column":1}},"line":18},"1":{"name":"(anonymous_1)","decl":{"start":{"line":22,"column":23},"end":{"line":22,"column":24}},"loc":{"start":{"line":22,"column":37},"end":{"line":28,"column":1}},"line":22},"2":{"name":"(anonymous_2)","decl":{"start":{"line":33,"column":35},"end":{"line":33,"column":36}},"loc":{"start":{"line":33,"column":55},"end":{"line":36,"column":1}},"line":33},"3":{"name":"(anonymous_3)","decl":{"start":{"line":38,"column":36},"end":{"line":38,"column":37}},"loc":{"start":{"line":38,"column":56},"end":{"line":58,"column":1}},"line":38},"4":{"name":"(anonymous_4)","decl":{"start":{"line":63,"column":34},"end":{"line":63,"column":35}},"loc":{"start":{"line":63,"column":54},"end":{"line":66,"column":1}},"line":63},"5":{"name":"(anonymous_5)","decl":{"start":{"line":68,"column":35},"end":{"line":68,"column":36}},"loc":{"start":{"line":68,"column":55},"end":{"line":73,"column":1}},"line":68},"6":{"name":"(anonymous_6)","decl":{"start":{"line":75,"column":38},"end":{"line":75,"column":39}},"loc":{"start":{"line":75,"column":58},"end":{"line":88,"column":1}},"line":75},"7":{"name":"(anonymous_7)","decl":{"start":{"line":90,"column":41},"end":{"line":90,"column":42}},"loc":{"start":{"line":90,"column":61},"end":{"line":98,"column":1}},"line":90},"8":{"name":"(anonymous_8)","decl":{"start":{"line":101,"column":18},"end":{"line":101,"column":19}},"loc":{"start":{"line":101,"column":30},"end":{"line":112,"column":1}},"line":101},"9":{"name":"(anonymous_9)","decl":{"start":{"line":123,"column":19},"end":{"line":123,"column":20}},"loc":{"start":{"line":123,"column":25},"end":{"line":128,"column":3}},"line":123}},"branchMap":{"0":{"loc":{"start":{"line":26,"column":17},"end":{"line":26,"column":54}},"type":"binary-expr","locations":[{"start":{"line":26,"column":17},"end":{"line":26,"column":37}},{"start":{"line":26,"column":41},"end":{"line":26,"column":54}}],"line":26},"1":{"loc":{"start":{"line":43,"column":2},"end":{"line":47,"column":3}},"type":"if","locations":[{"start":{"line":43,"column":2},"end":{"line":47,"column":3}},{"start":{},"end":{}}],"line":43},"2":{"loc":{"start":{"line":82,"column":2},"end":{"line":86,"column":3}},"type":"if","locations":[{"start":{"line":82,"column":2},"end":{"line":86,"column":3}},{"start":{},"end":{}}],"line":82},"3":{"loc":{"start":{"line":92,"column":2},"end":{"line":96,"column":3}},"type":"if","locations":[{"start":{"line":92,"column":2},"end":{"line":96,"column":3}},{"start":{},"end":{}}],"line":92},"4":{"loc":{"start":{"line":103,"column":4},"end":{"line":108,"column":5}},"type":"if","locations":[{"start":{"line":103,"column":4},"end":{"line":108,"column":5}},{"start":{"line":106,"column":11},"end":{"line":108,"column":5}}],"line":103},"5":{"loc":{"start":{"line":121,"column":13},"end":{"line":121,"column":37}},"type":"binary-expr","locations":[{"start":{"line":121,"column":13},"end":{"line":121,"column":29}},{"start":{"line":121,"column":33},"end":{"line":121,"column":37}}],"line":121},"6":{"loc":{"start":{"line":122,"column":0},"end":{"line":129,"column":1}},"type":"if","locations":[{"start":{"line":122,"column":0},"end":{"line":129,"column":1}},{"start":{},"end":{}}],"line":122}},"s":{"0":1,"1":1,"2":1,"3":1,"4":1,"5":1,"6":1,"7":1,"8":1,"9":1,"10":1,"11":0,"12":1,"13":0,"14":1,"15":1,"16":0,"17":0,"18":1,"19":0,"20":0,"21":0,"22":0,"23":0,"24":0,"25":0,"26":0,"27":0,"28":0,"29":0,"30":1,"31":1,"32":2,"33":2,"34":1,"35":5,"36":5,"37":5,"38":2,"39":1,"40":3,"41":3,"42":2,"43":1,"44":1,"45":1,"46":1,"47":1,"48":2,"49":2,"50":1,"51":1,"52":1,"53":1,"54":1,"55":1,"56":1,"57":0,"58":0,"59":1,"60":0,"61":1,"62":1,"63":1,"64":1,"65":1,"66":0,"67":0,"68":0,"69":0,"70":0,"71":1},"f":{"0":0,"1":0,"2":0,"3":0,"4":2,"5":5,"6":3,"7":2,"8":1,"9":0},"b":{"0":[0,0],"1":[0,0],"2":[1,1],"3":[1,1],"4":[0,1],"5":[1,1],"6":[0,1]},"_coverageSchema":"1a1c01bbd47fc00a2c39e90264f33305004495a9","hash":"3364e6080063ca0265d72f96fbdf8b05b15edb3f"}
,"/Users/mac/Desktop/testing-and-debugging-ensuring-mern-app-reliability-TJ-dot-1/server/middleware/auth.js": {"path":"/Users/mac/Desktop/testing-and-debugging-ensuring-mern-app-reliability-TJ-dot-1/server/middleware/auth.js","statementMap":{"0":{"start":{"line":1,"column":21},"end":{"line":21,"column":1}},"1":{"start":{"line":2,"column":2},"end":{"line":20,"column":3}},"2":{"start":{"line":3,"column":18},"end":{"line":3,"column":45}},"3":{"start":{"line":5,"column":4},"end":{"line":7,"column":5}},"4":{"start":{"line":6,"column":6},"end":{"line":6,"column":66}},"5":{"start":{"line":10,"column":4},"end":{"line":12,"column":5}},"6":{"start":{"line":11,"column":6},"end":{"line":11,"column":69}},"7":{"start":{"line":16,"column":4},"end":{"line":16,"column":65}},"8":{"start":{"line":17,"column":4},"end":{"line":17,"column":11}},"9":{"start":{"line":19,"column":4},"end":{"line":19,"column":58}},"10":{"start":{"line":23,"column":0},"end":{"line":23,"column":34}}},"fnMap":{"0":{"name":"(anonymous_0)","decl":{"start":{"line":1,"column":21},"end":{"line":1,"column":22}},"loc":{"start":{"line":1,"column":47},"end":{"line":21,"column":1}},"line":1}},"branchMap":{"0":{"loc":{"start":{"line":5,"column":4},"end":{"line":7,"column":5}},"type":"if","locations":[{"start":{"line":5,"column":4},"end":{"line":7,"column":5}},{"start":{},"end":{}}],"line":5},"1":{"loc":{"start":{"line":10,"column":4},"end":{"line":12,"column":5}},"type":"if","locations":[{"start":{"line":10,"column":4},"end":{"line":12,"column":5}},{"start":{},"end":{}}],"line":10}},"s":{"0":0,"1":0,"2":0,"3":0,"4":0,"5":0,"6":0,"7":0,"8":0,"9":0,"10":0},"f":{"0":0},"b":{"0":[0,0],"1":[0,0]}}
,"/Users/mac/Desktop/testing-and-debugging-ensuring-mern-app-reliability-TJ-dot-1/server/middleware/errorHandler.js": {"path":"/Users/mac/Desktop/testing-and-debugging-ensuring-mern-app-reliability-TJ-dot-1/server/middleware/errorHandler.js","statementMap":{"0":{"start":{"line":1,"column":19},"end":{"line":1,"column":38}},"1":{"start":{"line":3,"column":21},"end":{"line":30,"column":1}},"2":{"start":{"line":5,"column":2},"end":{"line":11,"column":5}},"3":{"start":{"line":14,"column":2},"end":{"line":22,"column":3}},"4":{"start":{"line":15,"column":4},"end":{"line":21,"column":7}},"5":{"start":{"line":25,"column":2},"end":{"line":29,"column":5}},"6":{"start":{"line":33,"column":21},"end":{"line":35,"column":1}},"7":{"start":{"line":33,"column":29},"end":{"line":35,"column":1}},"8":{"start":{"line":34,"column":2},"end":{"line":34,"column":50}},"9":{"start":{"line":38,"column":24},"end":{"line":42,"column":1}},"10":{"start":{"line":39,"column":16},"end":{"line":39,"column":59}},"11":{"start":{"line":40,"column":2},"end":{"line":40,"column":21}},"12":{"start":{"line":41,"column":2},"end":{"line":41,"column":14}},"13":{"start":{"line":44,"column":0},"end":{"line":48,"column":2}}},"fnMap":{"0":{"name":"(anonymous_0)","decl":{"start":{"line":3,"column":21},"end":{"line":3,"column":22}},"loc":{"start":{"line":3,"column":46},"end":{"line":30,"column":1}},"line":3},"1":{"name":"(anonymous_1)","decl":{"start":{"line":33,"column":21},"end":{"line":33,"column":22}},"loc":{"start":{"line":33,"column":29},"end":{"line":35,"column":1}},"line":33},"2":{"name":"(anonymous_2)","decl":{"start":{"line":33,"column":29},"end":{"line":33,"column":30}},"loc":{"start":{"line":33,"column":49},"end":{"line":35,"column":1}},"line":33},"3":{"name":"(anonymous_3)","decl":{"start":{"line":38,"column":24},"end":{"line":38,"column":25}},"loc":{"start":{"line":38,"column":44},"end":{"line":42,"column":1}},"line":38}},"branchMap":{"0":{"loc":{"start":{"line":14,"column":2},"end":{"line":22,"column":3}},"type":"if","locations":[{"start":{"line":14,"column":2},"end":{"line":22,"column":3}},{"start":{},"end":{}}],"line":14},"1":{"loc":{"start":{"line":15,"column":22},"end":{"line":15,"column":39}},"type":"binary-expr","locations":[{"start":{"line":15,"column":22},"end":{"line":15,"column":32}},{"start":{"line":15,"column":36},"end":{"line":15,"column":39}}],"line":15},"2":{"loc":{"start":{"line":25,"column":13},"end":{"line":25,"column":30}},"type":"binary-expr","locations":[{"start":{"line":25,"column":13},"end":{"line":25,"column":23}},{"start":{"line":25,"column":27},"end":{"line":25,"column":30}}],"line":25},"3":{"loc":{"start":{"line":27,"column":15},"end":{"line":27,"column":71}},"type":"cond-expr","locations":[{"start":{"line":27,"column":34},"end":{"line":27,"column":45}},{"start":{"line":27,"column":48},"end":{"line":27,"column":71}}],"line":27}},"s":{"0":1,"1":1,"2":6,"3":6,"4":0,"5":6,"6":1,"7":6,"8":12,"9":1,"10":0,"11":0,"12":0,"13":1},"f":{"0":6,"1":6,"2":12,"3":0},"b":{"0":[0,6],"1":[0,0],"2":[6,4],"3":[2,4]},"_coverageSchema":"1a1c01bbd47fc00a2c39e90264f33305004495a9","hash":"e98234480ba3fdc98b86e7bad3ceb26c3074c047"}
,"/Users/mac/Desktop/testing-and-debugging-ensuring-mern-app-reliability-TJ-dot-1/server/middleware/logger.js": {"path":"/Users/mac/Desktop/testing-and-debugging-ensuring-mern-app-reliability-TJ-dot-1/server/middleware/logger.js","statementMap":{"0":{"start":{"line":1,"column":16},"end":{"line":1,"column":34}},"1":{"start":{"line":3,"column":15},"end":{"line":20,"column":2}},"2":{"start":{"line":23,"column":22},"end":{"line":44,"column":1}},"3":{"start":{"line":24,"column":2},"end":{"line":29,"column":5}},"4":{"start":{"line":31,"column":16},"end":{"line":31,"column":26}},"5":{"start":{"line":33,"column":2},"end":{"line":41,"column":5}},"6":{"start":{"line":34,"column":21},"end":{"line":34,"column":39}},"7":{"start":{"line":35,"column":4},"end":{"line":40,"column":7}},"8":{"start":{"line":43,"column":2},"end":{"line":43,"column":9}},"9":{"start":{"line":46,"column":0},"end":{"line":46,"column":43}}},"fnMap":{"0":{"name":"(anonymous_0)","decl":{"start":{"line":23,"column":22},"end":{"line":23,"column":23}},"loc":{"start":{"line":23,"column":42},"end":{"line":44,"column":1}},"line":23},"1":{"name":"(anonymous_1)","decl":{"start":{"line":33,"column":19},"end":{"line":33,"column":20}},"loc":{"start":{"line":33,"column":25},"end":{"line":41,"column":3}},"line":33}},"branchMap":{},"s":{"0":1,"1":1,"2":1,"3":12,"4":12,"5":12,"6":12,"7":12,"8":12,"9":1},"f":{"0":12,"1":12},"b":{},"_coverageSchema":"1a1c01bbd47fc00a2c39e90264f33305004495a9","hash":"30d063e629dbb899b728af0e10482740e83acc8d"}
,"/Users/mac/Desktop/testing-and-debugging-ensuring-mern-app-reliability-TJ-dot-1/server/models/Bug.js": {"path":"/Users/mac/Desktop/testing-and-debugging-ensuring-mern-app-reliability-TJ-dot-1/server/models/Bug.js","statementMap":{"0":{"start":{"line":1,"column":17},"end":{"line":1,"column":36}},"1":{"start":{"line":3,"column":18},"end":{"line":20,"column":2}},"2":{"start":{"line":22,"column":0},"end":{"line":22,"column":50}}},"fnMap":{},"branchMap":{},"s":{"0":1,"1":1,"2":1},"f":{},"b":{},"_coverageSchema":"1a1c01bbd47fc00a2c39e90264f33305004495a9","hash":"305edb0577a821fcaee0dfee375d56de30d8c551"}
,"/Users/mac/Desktop/testing-and-debugging-ensuring-mern-app-reliability-TJ-dot-1/server/models/User.js": {"path":"/Users/mac/Desktop/testing-and-debugging-ensuring-mern-app-reliability-TJ-dot-1/server/models/User.js","statementMap":{"0":{"start":{"line":1,"column":17},"end":{"line":1,"column":36}},"1":{"start":{"line":3,"column":19},"end":{"line":23,"column":2}},"2":{"start":{"line":26,"column":0},"end":{"line":28,"column":3}},"3":{"start":{"line":27,"column":2},"end":{"line":27,"column":24}},"4":{"start":{"line":30,"column":0},"end":{"line":30,"column":52}}},"fnMap":{"0":{"name":"(anonymous_0)","decl":{"start":{"line":26,"column":35},"end":{"line":26,"column":36}},"loc":{"start":{"line":26,"column":46},"end":{"line":28,"column":1}},"line":26}},"branchMap":{},"s":{"0":1,"1":1,"2":1,"3":0,"4":1},"f":{"0":0},"b":{},"_coverageSchema":"1a1c01bbd47fc00a2c39e90264f33305004495a9","hash":"f5ccaaebaa0c37a37c7e84e7b9311258a1b2b0f2"}
}
