{"/Users/mac/Desktop/testing-and-debugging-ensuring-mern-app-reliability-TJ-dot-1/server/server.js": {"path":"/Users/mac/Desktop/testing-and-debugging-ensuring-mern-app-reliability-TJ-dot-1/server/server.js","statementMap":{"0":{"start":{"line":1,"column":16},"end":{"line":1,"column":34}},"1":{"start":{"line":2,"column":17},"end":{"line":2,"column":36}},"2":{"start":{"line":3,"column":13},"end":{"line":3,"column":28}},"3":{"start":{"line":4,"column":0},"end":{"line":4,"column":27}},"4":{"start":{"line":6,"column":12},"end":{"line":6,"column":21}},"5":{"start":{"line":9,"column":0},"end":{"line":9,"column":16}},"6":{"start":{"line":10,"column":0},"end":{"line":10,"column":24}},"7":{"start":{"line":13,"column":0},"end":{"line":15,"column":3}},"8":{"start":{"line":14,"column":2},"end":{"line":14,"column":51}},"9":{"start":{"line":17,"column":0},"end":{"line":23,"column":3}},"10":{"start":{"line":18,"column":2},"end":{"line":22,"column":5}},"11":{"start":{"line":26,"column":0},"end":{"line":31,"column":3}},"12":{"start":{"line":27,"column":2},"end":{"line":30,"column":5}},"13":{"start":{"line":33,"column":0},"end":{"line":41,"column":3}},"14":{"start":{"line":34,"column":26},"end":{"line":34,"column":34}},"15":{"start":{"line":35,"column":2},"end":{"line":40,"column":5}},"16":{"start":{"line":44,"column":18},"end":{"line":55,"column":1}},"17":{"start":{"line":45,"column":2},"end":{"line":54,"column":3}},"18":{"start":{"line":46,"column":4},"end":{"line":51,"column":5}},"19":{"start":{"line":47,"column":6},"end":{"line":47,"column":52}},"20":{"start":{"line":48,"column":6},"end":{"line":48,"column":39}},"21":{"start":{"line":50,"column":6},"end":{"line":50,"column":68}},"22":{"start":{"line":53,"column":4},"end":{"line":53,"column":69}},"23":{"start":{"line":57,"column":0},"end":{"line":57,"column":12}},"24":{"start":{"line":60,"column":13},"end":{"line":60,"column":37}},"25":{"start":{"line":61,"column":0},"end":{"line":65,"column":3}},"26":{"start":{"line":62,"column":2},"end":{"line":62,"column":51}},"27":{"start":{"line":63,"column":2},"end":{"line":63,"column":70}},"28":{"start":{"line":64,"column":2},"end":{"line":64,"column":66}},"29":{"start":{"line":67,"column":0},"end":{"line":67,"column":21}}},"fnMap":{"0":{"name":"(anonymous_0)","decl":{"start":{"line":13,"column":13},"end":{"line":13,"column":14}},"loc":{"start":{"line":13,"column":27},"end":{"line":15,"column":1}},"line":13},"1":{"name":"(anonymous_1)","decl":{"start":{"line":17,"column":23},"end":{"line":17,"column":24}},"loc":{"start":{"line":17,"column":37},"end":{"line":23,"column":1}},"line":17},"2":{"name":"(anonymous_2)","decl":{"start":{"line":26,"column":22},"end":{"line":26,"column":23}},"loc":{"start":{"line":26,"column":36},"end":{"line":31,"column":1}},"line":26},"3":{"name":"(anonymous_3)","decl":{"start":{"line":33,"column":23},"end":{"line":33,"column":24}},"loc":{"start":{"line":33,"column":37},"end":{"line":41,"column":1}},"line":33},"4":{"name":"(anonymous_4)","decl":{"start":{"line":44,"column":18},"end":{"line":44,"column":19}},"loc":{"start":{"line":44,"column":30},"end":{"line":55,"column":1}},"line":44},"5":{"name":"(anonymous_5)","decl":{"start":{"line":61,"column":17},"end":{"line":61,"column":18}},"loc":{"start":{"line":61,"column":23},"end":{"line":65,"column":1}},"line":61}},"branchMap":{"0":{"loc":{"start":{"line":21,"column":17},"end":{"line":21,"column":54}},"type":"binary-expr","locations":[{"start":{"line":21,"column":17},"end":{"line":21,"column":37}},{"start":{"line":21,"column":41},"end":{"line":21,"column":54}}],"line":21},"1":{"loc":{"start":{"line":46,"column":4},"end":{"line":51,"column":5}},"type":"if","locations":[{"start":{"line":46,"column":4},"end":{"line":51,"column":5}},{"start":{"line":49,"column":11},"end":{"line":51,"column":5}}],"line":46},"2":{"loc":{"start":{"line":60,"column":13},"end":{"line":60,"column":37}},"type":"binary-expr","locations":[{"start":{"line":60,"column":13},"end":{"line":60,"column":29}},{"start":{"line":60,"column":33},"end":{"line":60,"column":37}}],"line":60}},"s":{"0":1,"1":1,"2":1,"3":1,"4":1,"5":1,"6":1,"7":1,"8":0,"9":1,"10":0,"11":1,"12":0,"13":1,"14":3,"15":3,"16":1,"17":1,"18":1,"19":0,"20":0,"21":1,"22":0,"23":1,"24":1,"25":1,"26":1,"27":1,"28":1,"29":1},"f":{"0":0,"1":0,"2":0,"3":3,"4":1,"5":1},"b":{"0":[0,0],"1":[0,1],"2":[1,1]},"_coverageSchema":"1a1c01bbd47fc00a2c39e90264f33305004495a9","hash":"1de3423b12368d63af1b4da60d5c564980ab283d"}
,"/Users/mac/Desktop/testing-and-debugging-ensuring-mern-app-reliability-TJ-dot-1/server/middleware/auth.js": {"path":"/Users/mac/Desktop/testing-and-debugging-ensuring-mern-app-reliability-TJ-dot-1/server/middleware/auth.js","statementMap":{"0":{"start":{"line":1,"column":21},"end":{"line":21,"column":1}},"1":{"start":{"line":2,"column":2},"end":{"line":20,"column":3}},"2":{"start":{"line":3,"column":18},"end":{"line":3,"column":45}},"3":{"start":{"line":5,"column":4},"end":{"line":7,"column":5}},"4":{"start":{"line":6,"column":6},"end":{"line":6,"column":66}},"5":{"start":{"line":10,"column":4},"end":{"line":12,"column":5}},"6":{"start":{"line":11,"column":6},"end":{"line":11,"column":69}},"7":{"start":{"line":16,"column":4},"end":{"line":16,"column":65}},"8":{"start":{"line":17,"column":4},"end":{"line":17,"column":11}},"9":{"start":{"line":19,"column":4},"end":{"line":19,"column":58}},"10":{"start":{"line":23,"column":0},"end":{"line":23,"column":34}}},"fnMap":{"0":{"name":"(anonymous_0)","decl":{"start":{"line":1,"column":21},"end":{"line":1,"column":22}},"loc":{"start":{"line":1,"column":47},"end":{"line":21,"column":1}},"line":1}},"branchMap":{"0":{"loc":{"start":{"line":5,"column":4},"end":{"line":7,"column":5}},"type":"if","locations":[{"start":{"line":5,"column":4},"end":{"line":7,"column":5}},{"start":{},"end":{}}],"line":5},"1":{"loc":{"start":{"line":10,"column":4},"end":{"line":12,"column":5}},"type":"if","locations":[{"start":{"line":10,"column":4},"end":{"line":12,"column":5}},{"start":{},"end":{}}],"line":10}},"s":{"0":1,"1":2,"2":2,"3":2,"4":1,"5":1,"6":0,"7":1,"8":1,"9":0,"10":1},"f":{"0":2},"b":{"0":[1,1],"1":[0,1]},"_coverageSchema":"1a1c01bbd47fc00a2c39e90264f33305004495a9","hash":"aa28d9a36ed13a4bff8b0eb4825845735ac653f9"}
,"/Users/mac/Desktop/testing-and-debugging-ensuring-mern-app-reliability-TJ-dot-1/server/middleware/errorHandler.js": {"path":"/Users/mac/Desktop/testing-and-debugging-ensuring-mern-app-reliability-TJ-dot-1/server/middleware/errorHandler.js","statementMap":{"0":{"start":{"line":1,"column":19},"end":{"line":1,"column":38}},"1":{"start":{"line":3,"column":21},"end":{"line":30,"column":1}},"2":{"start":{"line":5,"column":2},"end":{"line":11,"column":5}},"3":{"start":{"line":14,"column":2},"end":{"line":22,"column":3}},"4":{"start":{"line":15,"column":4},"end":{"line":21,"column":7}},"5":{"start":{"line":25,"column":2},"end":{"line":29,"column":5}},"6":{"start":{"line":33,"column":21},"end":{"line":35,"column":1}},"7":{"start":{"line":33,"column":29},"end":{"line":35,"column":1}},"8":{"start":{"line":34,"column":2},"end":{"line":34,"column":50}},"9":{"start":{"line":38,"column":24},"end":{"line":42,"column":1}},"10":{"start":{"line":39,"column":16},"end":{"line":39,"column":59}},"11":{"start":{"line":40,"column":2},"end":{"line":40,"column":21}},"12":{"start":{"line":41,"column":2},"end":{"line":41,"column":14}},"13":{"start":{"line":44,"column":0},"end":{"line":48,"column":2}}},"fnMap":{"0":{"name":"(anonymous_0)","decl":{"start":{"line":3,"column":21},"end":{"line":3,"column":22}},"loc":{"start":{"line":3,"column":46},"end":{"line":30,"column":1}},"line":3},"1":{"name":"(anonymous_1)","decl":{"start":{"line":33,"column":21},"end":{"line":33,"column":22}},"loc":{"start":{"line":33,"column":29},"end":{"line":35,"column":1}},"line":33},"2":{"name":"(anonymous_2)","decl":{"start":{"line":33,"column":29},"end":{"line":33,"column":30}},"loc":{"start":{"line":33,"column":49},"end":{"line":35,"column":1}},"line":33},"3":{"name":"(anonymous_3)","decl":{"start":{"line":38,"column":24},"end":{"line":38,"column":25}},"loc":{"start":{"line":38,"column":44},"end":{"line":42,"column":1}},"line":38}},"branchMap":{"0":{"loc":{"start":{"line":14,"column":2},"end":{"line":22,"column":3}},"type":"if","locations":[{"start":{"line":14,"column":2},"end":{"line":22,"column":3}},{"start":{},"end":{}}],"line":14},"1":{"loc":{"start":{"line":15,"column":22},"end":{"line":15,"column":39}},"type":"binary-expr","locations":[{"start":{"line":15,"column":22},"end":{"line":15,"column":32}},{"start":{"line":15,"column":36},"end":{"line":15,"column":39}}],"line":15},"2":{"loc":{"start":{"line":25,"column":13},"end":{"line":25,"column":30}},"type":"binary-expr","locations":[{"start":{"line":25,"column":13},"end":{"line":25,"column":23}},{"start":{"line":25,"column":27},"end":{"line":25,"column":30}}],"line":25},"3":{"loc":{"start":{"line":27,"column":15},"end":{"line":27,"column":71}},"type":"cond-expr","locations":[{"start":{"line":27,"column":34},"end":{"line":27,"column":45}},{"start":{"line":27,"column":48},"end":{"line":27,"column":71}}],"line":27}},"s":{"0":0,"1":0,"2":0,"3":0,"4":0,"5":0,"6":0,"7":0,"8":0,"9":0,"10":0,"11":0,"12":0,"13":0},"f":{"0":0,"1":0,"2":0,"3":0},"b":{"0":[0,0],"1":[0,0],"2":[0,0],"3":[0,0]}}
,"/Users/mac/Desktop/testing-and-debugging-ensuring-mern-app-reliability-TJ-dot-1/server/middleware/logger.js": {"path":"/Users/mac/Desktop/testing-and-debugging-ensuring-mern-app-reliability-TJ-dot-1/server/middleware/logger.js","statementMap":{"0":{"start":{"line":1,"column":16},"end":{"line":1,"column":34}},"1":{"start":{"line":3,"column":15},"end":{"line":20,"column":2}},"2":{"start":{"line":23,"column":22},"end":{"line":44,"column":1}},"3":{"start":{"line":24,"column":2},"end":{"line":29,"column":5}},"4":{"start":{"line":31,"column":16},"end":{"line":31,"column":26}},"5":{"start":{"line":33,"column":2},"end":{"line":41,"column":5}},"6":{"start":{"line":34,"column":21},"end":{"line":34,"column":39}},"7":{"start":{"line":35,"column":4},"end":{"line":40,"column":7}},"8":{"start":{"line":43,"column":2},"end":{"line":43,"column":9}},"9":{"start":{"line":46,"column":0},"end":{"line":46,"column":43}}},"fnMap":{"0":{"name":"(anonymous_0)","decl":{"start":{"line":23,"column":22},"end":{"line":23,"column":23}},"loc":{"start":{"line":23,"column":42},"end":{"line":44,"column":1}},"line":23},"1":{"name":"(anonymous_1)","decl":{"start":{"line":33,"column":19},"end":{"line":33,"column":20}},"loc":{"start":{"line":33,"column":25},"end":{"line":41,"column":3}},"line":33}},"branchMap":{},"s":{"0":0,"1":0,"2":0,"3":0,"4":0,"5":0,"6":0,"7":0,"8":0,"9":0},"f":{"0":0,"1":0},"b":{}}
,"/Users/mac/Desktop/testing-and-debugging-ensuring-mern-app-reliability-TJ-dot-1/server/models/User.js": {"path":"/Users/mac/Desktop/testing-and-debugging-ensuring-mern-app-reliability-TJ-dot-1/server/models/User.js","statementMap":{"0":{"start":{"line":1,"column":17},"end":{"line":1,"column":36}},"1":{"start":{"line":3,"column":19},"end":{"line":23,"column":2}},"2":{"start":{"line":26,"column":0},"end":{"line":28,"column":3}},"3":{"start":{"line":27,"column":2},"end":{"line":27,"column":24}},"4":{"start":{"line":30,"column":0},"end":{"line":30,"column":52}}},"fnMap":{"0":{"name":"(anonymous_0)","decl":{"start":{"line":26,"column":35},"end":{"line":26,"column":36}},"loc":{"start":{"line":26,"column":46},"end":{"line":28,"column":1}},"line":26}},"branchMap":{},"s":{"0":2,"1":2,"2":2,"3":0,"4":2},"f":{"0":0},"b":{},"_coverageSchema":"1a1c01bbd47fc00a2c39e90264f33305004495a9","hash":"f5ccaaebaa0c37a37c7e84e7b9311258a1b2b0f2"}
,"/Users/mac/Desktop/testing-and-debugging-ensuring-mern-app-reliability-TJ-dot-1/server/tests/setup.js": {"path":"/Users/mac/Desktop/testing-and-debugging-ensuring-mern-app-reliability-TJ-dot-1/server/tests/setup.js","statementMap":{"0":{"start":{"line":1,"column":30},"end":{"line":1,"column":62}},"1":{"start":{"line":2,"column":17},"end":{"line":2,"column":36}},"2":{"start":{"line":6,"column":0},"end":{"line":14,"column":3}},"3":{"start":{"line":7,"column":2},"end":{"line":7,"column":49}},"4":{"start":{"line":8,"column":19},"end":{"line":8,"column":39}},"5":{"start":{"line":10,"column":2},"end":{"line":13,"column":5}},"6":{"start":{"line":16,"column":0},"end":{"line":19,"column":3}},"7":{"start":{"line":17,"column":2},"end":{"line":17,"column":30}},"8":{"start":{"line":18,"column":2},"end":{"line":18,"column":27}},"9":{"start":{"line":21,"column":0},"end":{"line":28,"column":3}},"10":{"start":{"line":22,"column":22},"end":{"line":22,"column":53}},"11":{"start":{"line":24,"column":2},"end":{"line":27,"column":3}},"12":{"start":{"line":25,"column":23},"end":{"line":25,"column":39}},"13":{"start":{"line":26,"column":4},"end":{"line":26,"column":34}}},"fnMap":{"0":{"name":"(anonymous_0)","decl":{"start":{"line":6,"column":10},"end":{"line":6,"column":11}},"loc":{"start":{"line":6,"column":22},"end":{"line":14,"column":1}},"line":6},"1":{"name":"(anonymous_1)","decl":{"start":{"line":16,"column":9},"end":{"line":16,"column":10}},"loc":{"start":{"line":16,"column":21},"end":{"line":19,"column":1}},"line":16},"2":{"name":"(anonymous_2)","decl":{"start":{"line":21,"column":10},"end":{"line":21,"column":11}},"loc":{"start":{"line":21,"column":22},"end":{"line":28,"column":1}},"line":21}},"branchMap":{},"s":{"0":0,"1":0,"2":0,"3":0,"4":0,"5":0,"6":0,"7":0,"8":0,"9":0,"10":0,"11":0,"12":0,"13":0},"f":{"0":0,"1":0,"2":0},"b":{}}
}
