TN:
SF:server.js
FN:18,(anonymous_0)
FN:22,(anonymous_1)
FN:33,(anonymous_2)
FN:38,(anonymous_3)
FN:63,(anonymous_4)
FN:68,(anonymous_5)
FN:75,(anonymous_6)
FN:90,(anonymous_7)
FN:101,(anonymous_8)
FN:123,(anonymous_9)
FNF:10
FNH:5
FNDA:0,(anonymous_0)
FNDA:0,(anonymous_1)
FNDA:0,(anonymous_2)
FNDA:0,(anonymous_3)
FNDA:2,(anonymous_4)
FNDA:5,(anonymous_5)
FNDA:3,(anonymous_6)
FNDA:2,(anonymous_7)
FNDA:1,(anonymous_8)
FNDA:0,(anonymous_9)
DA:1,1
DA:2,1
DA:3,1
DA:4,1
DA:6,1
DA:9,1
DA:10,1
DA:13,1
DA:14,1
DA:15,1
DA:18,1
DA:19,0
DA:22,1
DA:23,0
DA:31,1
DA:33,1
DA:34,0
DA:35,0
DA:38,1
DA:39,0
DA:42,0
DA:43,0
DA:44,0
DA:45,0
DA:46,0
DA:50,0
DA:51,0
DA:54,0
DA:55,0
DA:57,0
DA:61,1
DA:63,1
DA:64,2
DA:65,2
DA:68,1
DA:69,5
DA:70,5
DA:71,5
DA:72,2
DA:75,1
DA:76,3
DA:77,3
DA:82,2
DA:83,1
DA:84,1
DA:85,1
DA:87,1
DA:90,1
DA:91,2
DA:92,2
DA:93,1
DA:94,1
DA:95,1
DA:97,1
DA:101,1
DA:102,1
DA:103,1
DA:104,0
DA:105,0
DA:107,1
DA:110,0
DA:114,1
DA:117,1
DA:118,1
DA:121,1
DA:122,1
DA:123,0
DA:124,0
DA:125,0
DA:126,0
DA:127,0
DA:131,1
LF:72
LH:49
BRDA:26,0,0,0
BRDA:26,0,1,0
BRDA:43,1,0,0
BRDA:43,1,1,0
BRDA:82,2,0,1
BRDA:82,2,1,1
BRDA:92,3,0,1
BRDA:92,3,1,1
BRDA:103,4,0,0
BRDA:103,4,1,1
BRDA:121,5,0,1
BRDA:121,5,1,1
BRDA:122,6,0,0
BRDA:122,6,1,1
BRF:14
BRH:8
end_of_record
TN:
SF:middleware/auth.js
FN:1,(anonymous_0)
FNF:1
FNH:0
FNDA:0,(anonymous_0)
DA:1,0
DA:2,0
DA:3,0
DA:5,0
DA:6,0
DA:10,0
DA:11,0
DA:16,0
DA:17,0
DA:19,0
DA:23,0
LF:11
LH:0
BRDA:5,0,0,0
BRDA:5,0,1,0
BRDA:10,1,0,0
BRDA:10,1,1,0
BRF:4
BRH:0
end_of_record
TN:
SF:middleware/errorHandler.js
FN:3,(anonymous_0)
FN:33,(anonymous_1)
FN:33,(anonymous_2)
FN:38,(anonymous_3)
FNF:4
FNH:3
FNDA:6,(anonymous_0)
FNDA:6,(anonymous_1)
FNDA:12,(anonymous_2)
FNDA:0,(anonymous_3)
DA:1,1
DA:3,1
DA:5,6
DA:14,6
DA:15,0
DA:25,6
DA:33,6
DA:34,12
DA:38,1
DA:39,0
DA:40,0
DA:41,0
DA:44,1
LF:13
LH:9
BRDA:14,0,0,0
BRDA:14,0,1,6
BRDA:15,1,0,0
BRDA:15,1,1,0
BRDA:25,2,0,6
BRDA:25,2,1,4
BRDA:27,3,0,2
BRDA:27,3,1,4
BRF:8
BRH:5
end_of_record
TN:
SF:middleware/logger.js
FN:23,(anonymous_0)
FN:33,(anonymous_1)
FNF:2
FNH:2
FNDA:12,(anonymous_0)
FNDA:12,(anonymous_1)
DA:1,1
DA:3,1
DA:23,1
DA:24,12
DA:31,12
DA:33,12
DA:34,12
DA:35,12
DA:43,12
DA:46,1
LF:10
LH:10
BRF:0
BRH:0
end_of_record
TN:
SF:models/Bug.js
FNF:0
FNH:0
DA:1,1
DA:3,1
DA:22,1
LF:3
LH:3
BRF:0
BRH:0
end_of_record
TN:
SF:models/User.js
FN:26,(anonymous_0)
FNF:1
FNH:0
FNDA:0,(anonymous_0)
DA:1,1
DA:3,1
DA:26,1
DA:27,0
DA:30,1
LF:5
LH:4
BRF:0
BRH:0
end_of_record
