TN:
SF:server.js
FN:13,(anonymous_0)
FN:17,(anonymous_1)
FN:26,(anonymous_2)
FN:33,(anonymous_3)
FN:44,(anonymous_4)
FN:61,(anonymous_5)
FNF:6
FNH:3
FNDA:0,(anonymous_0)
FNDA:0,(anonymous_1)
FNDA:0,(anonymous_2)
FNDA:3,(anonymous_3)
FNDA:1,(anonymous_4)
FNDA:1,(anonymous_5)
DA:1,1
DA:2,1
DA:3,1
DA:4,1
DA:6,1
DA:9,1
DA:10,1
DA:13,1
DA:14,0
DA:17,1
DA:18,0
DA:26,1
DA:27,0
DA:33,1
DA:34,3
DA:35,3
DA:44,1
DA:45,1
DA:46,1
DA:47,0
DA:48,0
DA:50,1
DA:53,0
DA:57,1
DA:60,1
DA:61,1
DA:62,1
DA:63,1
DA:64,1
DA:67,1
LF:30
LH:24
BRDA:21,0,0,0
BRDA:21,0,1,0
BRDA:46,1,0,0
BRDA:46,1,1,1
BRDA:60,2,0,1
BRDA:60,2,1,1
BRF:6
BRH:3
end_of_record
TN:
SF:middleware/auth.js
FN:1,(anonymous_0)
FNF:1
FNH:1
FNDA:2,(anonymous_0)
DA:1,1
DA:2,2
DA:3,2
DA:5,2
DA:6,1
DA:10,1
DA:11,0
DA:16,1
DA:17,1
DA:19,0
DA:23,1
LF:11
LH:9
BRDA:5,0,0,1
BRDA:5,0,1,1
BRDA:10,1,0,0
BRDA:10,1,1,1
BRF:4
BRH:3
end_of_record
TN:
SF:middleware/errorHandler.js
FN:3,(anonymous_0)
FN:33,(anonymous_1)
FN:33,(anonymous_2)
FN:38,(anonymous_3)
FNF:4
FNH:0
FNDA:0,(anonymous_0)
FNDA:0,(anonymous_1)
FNDA:0,(anonymous_2)
FNDA:0,(anonymous_3)
DA:1,0
DA:3,0
DA:5,0
DA:14,0
DA:15,0
DA:25,0
DA:33,0
DA:34,0
DA:38,0
DA:39,0
DA:40,0
DA:41,0
DA:44,0
LF:13
LH:0
BRDA:14,0,0,0
BRDA:14,0,1,0
BRDA:15,1,0,0
BRDA:15,1,1,0
BRDA:25,2,0,0
BRDA:25,2,1,0
BRDA:27,3,0,0
BRDA:27,3,1,0
BRF:8
BRH:0
end_of_record
TN:
SF:middleware/logger.js
FN:23,(anonymous_0)
FN:33,(anonymous_1)
FNF:2
FNH:0
FNDA:0,(anonymous_0)
FNDA:0,(anonymous_1)
DA:1,0
DA:3,0
DA:23,0
DA:24,0
DA:31,0
DA:33,0
DA:34,0
DA:35,0
DA:43,0
DA:46,0
LF:10
LH:0
BRF:0
BRH:0
end_of_record
TN:
SF:models/User.js
FN:26,(anonymous_0)
FNF:1
FNH:0
FNDA:0,(anonymous_0)
DA:1,2
DA:3,2
DA:26,2
DA:27,0
DA:30,2
LF:5
LH:4
BRF:0
BRH:0
end_of_record
TN:
SF:tests/setup.js
FN:6,(anonymous_0)
FN:16,(anonymous_1)
FN:21,(anonymous_2)
FNF:3
FNH:0
FNDA:0,(anonymous_0)
FNDA:0,(anonymous_1)
FNDA:0,(anonymous_2)
DA:1,0
DA:2,0
DA:6,0
DA:7,0
DA:8,0
DA:10,0
DA:16,0
DA:17,0
DA:18,0
DA:21,0
DA:22,0
DA:24,0
DA:25,0
DA:26,0
LF:14
LH:0
BRF:0
BRH:0
end_of_record
